<?xml version="1.0" encoding="UTF-8"?>
<robot generator="Robot 6.1.1 (Python 3.11.0 on win32)" generated="20231114 20:23:09.661" rpa="false" schemaversion="4">
<suite id="s1" name="Register" source="C:\Users\Omistaja\palautusrepositorio\viikko3\web-login\src\tests\register.robot">
<kw name="Open And Configure Browser" library="resource" type="SETUP">
<kw name="Evaluate" library="BuiltIn">
<var>${options}</var>
<arg>sys.modules['selenium.webdriver'].ChromeOptions()</arg>
<arg>sys</arg>
<doc>Evaluates the given expression in Python and returns the result.</doc>
<msg timestamp="20231114 20:23:17.563" level="INFO">${options} = &lt;selenium.webdriver.chrome.options.Options object at 0x0000022796A0B850&gt;</msg>
<status status="PASS" starttime="20231114 20:23:17.563" endtime="20231114 20:23:17.563"/>
</kw>
<kw name="Call Method" library="BuiltIn">
<arg>${options}</arg>
<arg>add_argument</arg>
<arg>--no-sandbox</arg>
<doc>Calls the named method of the given object with the provided arguments.</doc>
<status status="PASS" starttime="20231114 20:23:17.564" endtime="20231114 20:23:17.564"/>
</kw>
<kw name="Open Browser" library="SeleniumLibrary">
<arg>browser=chrome</arg>
<arg>options=${options}</arg>
<doc>Opens a new browser instance to the optional ``url``.</doc>
<msg timestamp="20231114 20:23:17.565" level="INFO">Opening browser 'chrome' to base url 'None'.</msg>
<status status="PASS" starttime="20231114 20:23:17.564" endtime="20231114 20:23:27.010"/>
</kw>
<kw name="Set Selenium Speed" library="SeleniumLibrary">
<arg>${DELAY}</arg>
<doc>Sets the delay that is waited after each Selenium command.</doc>
<status status="PASS" starttime="20231114 20:23:27.011" endtime="20231114 20:23:27.011"/>
</kw>
<status status="PASS" starttime="20231114 20:23:17.562" endtime="20231114 20:23:27.012"/>
</kw>
<test id="s1-t1" name="Login After Failed Registration" line="53">
<kw name="Go Register" type="SETUP">
<kw name="Go To Register Page" library="resource">
<kw name="Go To" library="SeleniumLibrary">
<arg>${REGISTER_URL}</arg>
<doc>Navigates the current browser window to the provided ``url``.</doc>
<msg timestamp="20231114 20:23:27.015" level="INFO">Opening url 'http://localhost:5001/register'</msg>
<status status="PASS" starttime="20231114 20:23:27.015" endtime="20231114 20:23:27.598"/>
</kw>
<status status="PASS" starttime="20231114 20:23:27.014" endtime="20231114 20:23:27.599"/>
</kw>
<kw name="Register Page Should Be Open" library="resource">
<kw name="Title Should Be" library="SeleniumLibrary">
<arg>Register</arg>
<doc>Verifies that the current page title equals ``title``.</doc>
<msg timestamp="20231114 20:23:27.711" level="INFO">Page title is 'Register'.</msg>
<status status="PASS" starttime="20231114 20:23:27.600" endtime="20231114 20:23:27.711"/>
</kw>
<status status="PASS" starttime="20231114 20:23:27.599" endtime="20231114 20:23:27.711"/>
</kw>
<status status="PASS" starttime="20231114 20:23:27.014" endtime="20231114 20:23:27.711"/>
</kw>
<kw name="Set Username">
<arg>k</arg>
<kw name="Input Text" library="SeleniumLibrary">
<arg>username</arg>
<arg>${username}</arg>
<doc>Types the given ``text`` into the text field identified by ``locator``.</doc>
<msg timestamp="20231114 20:23:27.713" level="INFO">Typing text 'k' into text field 'username'.</msg>
<status status="PASS" starttime="20231114 20:23:27.712" endtime="20231114 20:23:28.409"/>
</kw>
<status status="PASS" starttime="20231114 20:23:27.711" endtime="20231114 20:23:28.409"/>
</kw>
<kw name="Set Password">
<arg>kalle123</arg>
<kw name="Input Password" library="SeleniumLibrary">
<arg>password</arg>
<arg>${password}</arg>
<doc>Types the given password into the text field identified by ``locator``.</doc>
<msg timestamp="20231114 20:23:28.411" level="INFO">Typing password into text field 'password'.</msg>
<msg timestamp="20231114 20:23:28.515" level="INFO">Temporally setting log level to: NONE</msg>
<msg timestamp="20231114 20:23:28.694" level="INFO">Log level changed from NONE to INFO.</msg>
<status status="PASS" starttime="20231114 20:23:28.410" endtime="20231114 20:23:28.694"/>
</kw>
<status status="PASS" starttime="20231114 20:23:28.410" endtime="20231114 20:23:28.694"/>
</kw>
<kw name="Set Confirm">
<arg>kalle122</arg>
<kw name="Input Password" library="SeleniumLibrary">
<arg>password_confirmation</arg>
<arg>${password_confirmation}</arg>
<doc>Types the given password into the text field identified by ``locator``.</doc>
<msg timestamp="20231114 20:23:28.696" level="INFO">Typing password into text field 'password_confirmation'.</msg>
<msg timestamp="20231114 20:23:28.891" level="INFO">Temporally setting log level to: NONE</msg>
<msg timestamp="20231114 20:23:29.079" level="INFO">Log level changed from NONE to INFO.</msg>
<status status="PASS" starttime="20231114 20:23:28.695" endtime="20231114 20:23:29.079"/>
</kw>
<status status="PASS" starttime="20231114 20:23:28.694" endtime="20231114 20:23:29.079"/>
</kw>
<kw name="Submit Credentials">
<kw name="Click Button" library="SeleniumLibrary">
<arg>Register</arg>
<doc>Clicks the button identified by ``locator``.</doc>
<msg timestamp="20231114 20:23:29.081" level="INFO">Clicking button 'Register'.</msg>
<status status="PASS" starttime="20231114 20:23:29.080" endtime="20231114 20:23:31.124"/>
</kw>
<status status="PASS" starttime="20231114 20:23:29.080" endtime="20231114 20:23:31.124"/>
</kw>
<kw name="Click Link" library="SeleniumLibrary">
<arg>Login</arg>
<doc>Clicks a link identified by ``locator``.</doc>
<msg timestamp="20231114 20:23:31.125" level="INFO">Clicking link 'Login'.</msg>
<status status="PASS" starttime="20231114 20:23:31.124" endtime="20231114 20:23:32.069"/>
</kw>
<kw name="Set Username">
<arg>k</arg>
<kw name="Input Text" library="SeleniumLibrary">
<arg>username</arg>
<arg>${username}</arg>
<doc>Types the given ``text`` into the text field identified by ``locator``.</doc>
<msg timestamp="20231114 20:23:32.071" level="INFO">Typing text 'k' into text field 'username'.</msg>
<status status="PASS" starttime="20231114 20:23:32.070" endtime="20231114 20:23:32.353"/>
</kw>
<status status="PASS" starttime="20231114 20:23:32.069" endtime="20231114 20:23:32.353"/>
</kw>
<kw name="Set Password">
<arg>kalle123</arg>
<kw name="Input Password" library="SeleniumLibrary">
<arg>password</arg>
<arg>${password}</arg>
<doc>Types the given password into the text field identified by ``locator``.</doc>
<msg timestamp="20231114 20:23:32.355" level="INFO">Typing password into text field 'password'.</msg>
<msg timestamp="20231114 20:23:32.443" level="INFO">Temporally setting log level to: NONE</msg>
<msg timestamp="20231114 20:23:32.604" level="INFO">Log level changed from NONE to INFO.</msg>
<status status="PASS" starttime="20231114 20:23:32.354" endtime="20231114 20:23:32.604"/>
</kw>
<status status="PASS" starttime="20231114 20:23:32.353" endtime="20231114 20:23:32.604"/>
</kw>
<kw name="Click Button" library="SeleniumLibrary">
<arg>Login</arg>
<doc>Clicks the button identified by ``locator``.</doc>
<msg timestamp="20231114 20:23:32.605" level="INFO">Clicking button 'Login'.</msg>
<status status="PASS" starttime="20231114 20:23:32.604" endtime="20231114 20:23:32.858"/>
</kw>
<kw name="Login Should Fail">
<kw name="Login Page Should Be Open" library="resource">
<kw name="Title Should Be" library="SeleniumLibrary">
<arg>Login</arg>
<doc>Verifies that the current page title equals ``title``.</doc>
<msg timestamp="20231114 20:23:32.897" level="INFO">Page title is 'Login'.</msg>
<status status="PASS" starttime="20231114 20:23:32.859" endtime="20231114 20:23:32.897"/>
</kw>
<status status="PASS" starttime="20231114 20:23:32.858" endtime="20231114 20:23:32.897"/>
</kw>
<status status="PASS" starttime="20231114 20:23:32.858" endtime="20231114 20:23:32.897"/>
</kw>
<status status="PASS" starttime="20231114 20:23:27.012" endtime="20231114 20:23:32.898"/>
</test>
<kw name="Close Browser" library="SeleniumLibrary" type="TEARDOWN">
<doc>Closes the current browser.</doc>
<status status="PASS" starttime="20231114 20:23:32.899" endtime="20231114 20:23:38.263"/>
</kw>
<status status="PASS" starttime="20231114 20:23:09.685" endtime="20231114 20:23:38.263"/>
</suite>
<statistics>
<total>
<stat pass="1" fail="0" skip="0">All Tests</stat>
</total>
<tag>
</tag>
<suite>
<stat pass="1" fail="0" skip="0" id="s1" name="Register">Register</stat>
</suite>
</statistics>
<errors>
</errors>
</robot>
